<?xml version="1.0" encoding="UTF-8"?>
<testsuite xmlns:xsi="http://www.w3.org/2001/XMLSchema-instance" xsi:noNamespaceSchemaLocation="https://maven.apache.org/surefire/maven-surefire-plugin/xsd/surefire-test-report.xsd" name="dqetool.dbms.TestMySQLPQS" time="0.038" tests="1" errors="0" skipped="1" failures="0">
  <properties>
[...]
</properties>
  <testcase name="testPQS" classname="dqetool.dbms.TestMySQLPQS" time="0">
    <skipped message="Assumption failed: assumption is not true" type="org.opentest4j.TestAbortedException">org.opentest4j.TestAbortedException: Assumption failed: assumption is not true
	at dqetool.dbms.TestMySQLPQS.testPQS(TestMySQLPQS.java:17)
</skipped>
  </testcase>
</testsuite>